<?xml version="1.0" encoding="UTF-8"?>
<!-- Generated by org.testng.reporters.JUnitReportReporter -->
<testsuite skipped="0" hostname="ROHINI-LNV" name="com.homedepot.TestCases.sample" tests="1" failures="0" timestamp="03 Apr 2021 16:34:10 GMT" time="10.855" errors="0">
  <testcase name="zoomtest" time="10.855" classname="com.homedepot.TestCases.sample"/>
</testsuite> <!-- com.homedepot.TestCases.sample -->
