<?xml version="1.0" encoding="UTF-8"?>
<!-- Generated by org.testng.reporters.JUnitReportReporter -->
<testsuite skipped="0" hostname="LAPTOP-CJ63G7LO" name="com.home.qa.testdata.BlindspageTest" tests="1" failures="0" timestamp="12 Apr 2021 23:54:14 GMT" time="10.744" errors="0">
  <testcase name="WoodblindpageTest" time="10.744" classname="com.home.qa.testdata.BlindspageTest"/>
</testsuite> <!-- com.home.qa.testdata.BlindspageTest -->
