<?xml version="1.0" encoding="UTF-8"?>
<!-- Generated by org.testng.reporters.JUnitReportReporter -->
<testsuite skipped="0" hostname="LAPTOP-CJ63G7LO" name="com.homedepot.TestCases.HomeScreenTest" tests="1" failures="0" timestamp="11 Apr 2021 23:42:32 GMT" time="49.999" errors="0">
  <testcase name="giftcards_004" time="49.999" classname="com.homedepot.TestCases.HomeScreenTest"/>
</testsuite> <!-- com.homedepot.TestCases.HomeScreenTest -->
