<?xml version="1.0" encoding="UTF-8"?>
<!-- Generated by org.testng.reporters.JUnitReportReporter -->
<testsuite skipped="0" hostname="LAPTOP-CJ63G7LO" name="com.home.qa.testdata.HuskypageTest" tests="1" failures="0" timestamp="11 Apr 2021 23:42:32 GMT" time="15.379" errors="0">
  <testcase name="HuskypageTest" time="15.379" classname="com.home.qa.testdata.HuskypageTest"/>
</testsuite> <!-- com.home.qa.testdata.HuskypageTest -->
