<?xml version="1.0" encoding="UTF-8"?>
<!-- Generated by org.testng.reporters.JUnitReportReporter -->
<testsuite skipped="0" hostname="ROHINI-LNV" name="com.homedepot.TestCases.sampleTest" tests="1" failures="0" timestamp="01 Apr 2021 20:59:20 GMT" time="13.116" errors="0">
  <testcase name="testGift" time="13.116" classname="com.homedepot.TestCases.sampleTest"/>
</testsuite> <!-- com.homedepot.TestCases.sampleTest -->
